<?xml version="1.0" encoding="UTF-8"?>
<!-- Generated by org.testng.reporters.JUnitReportReporter -->
<testsuite hostname="Baraa" failures="0" tests="4" name="AlmosaferTestClass" time="0.092" errors="0" timestamp="2024-11-21T11:57:37 EET" skipped="0">
  <testcase classname="AlmosaferTestClass" name="CheckTheEnglishLanguageIsDefault" time="0.033"/>
  <system-out/>
  <testcase classname="AlmosaferTestClass" name="CheckTheCurrencyIsSar" time="0.022"/>
  <system-out/>
  <testcase classname="AlmosaferTestClass" name="CheckContactNumber" time="0.017"/>
  <system-out/>
  <testcase classname="AlmosaferTestClass" name="CheckTheVisaLogoIsDisplayed" time="0.020"/>
  <system-out/>
</testsuite> <!-- AlmosaferTestClass -->
