<?xml version="1.0" encoding="UTF-8"?>
<!-- Generated by org.testng.reporters.JUnitReportReporter -->
<testsuite hostname="Baraa" failures="0" tests="12" name="AlmosaferTestClass" time="41.996" errors="0" timestamp="2024-11-26T09:57:06 EET" skipped="0">
  <testcase classname="AlmosaferTestClass" name="CheckTheEnglishLanguageIsDefault" time="0.047"/>
  <system-out/>
  <testcase classname="AlmosaferTestClass" name="CheckTheCurrencyIsSar" time="0.027"/>
  <system-out/>
  <testcase classname="AlmosaferTestClass" name="CheckContactNumber" time="0.029"/>
  <system-out/>
  <testcase classname="AlmosaferTestClass" name="CheckTheVisaLogoIsDisplayed" time="0.030"/>
  <system-out/>
  <testcase classname="AlmosaferTestClass" name="CheckTheHotelTabIsNotSelected" time="0.052"/>
  <system-out/>
  <testcase classname="AlmosaferTestClass" name="CheckDepatureDate" time="0.020"/>
  <system-out/>
  <testcase classname="AlmosaferTestClass" name="CheckReturnDate" time="0.026"/>
  <system-out/>
  <testcase classname="AlmosaferTestClass" name="RandomChangeTheLanguage" time="0.029"/>
  <system-out/>
  <testcase classname="AlmosaferTestClass" name="ChangeTheLanguage" time="3.323"/>
  <system-out/>
  <testcase classname="AlmosaferTestClass" name="NumOfVisitors" time="2.379"/>
  <system-out/>
  <testcase classname="AlmosaferTestClass" name="RefreshThePage" time="35.041"/>
  <system-out/>
  <testcase classname="AlmosaferTestClass" name="SortPage" time="0.993"/>
  <system-out/>
</testsuite> <!-- AlmosaferTestClass -->
